<?xml version="1.0" encoding="UTF-8" ?>
<testsuite tests="11" failures="0" name="it.polimi.ingsw.model.MatchMultiTest" time="0.686" errors="0" skipped="0">
  <properties>
[...]
</properties>
  <testcase classname="it.polimi.ingsw.model.MatchMultiTest" name="testRandomlyPickInkwellPlayer" time="0.082"/>
  <testcase classname="it.polimi.ingsw.model.MatchMultiTest" name="testGetdistPlayerFromInkwell" time="0.112"/>
  <testcase classname="it.polimi.ingsw.model.MatchMultiTest" name="testUpdateTurn" time="0.057"/>
  <testcase classname="it.polimi.ingsw.model.MatchMultiTest" name="testGetCurrentPlayer" time="0.049"/>
  <testcase classname="it.polimi.ingsw.model.MatchMultiTest" name="testIsMyTurn" time="0.064"/>
  <testcase classname="it.polimi.ingsw.model.MatchMultiTest" name="testSetCanChangeTurn" time="0.053"/>
  <testcase classname="it.polimi.ingsw.model.MatchMultiTest" name="testAskForDiscardLeaderCard" time="0.067"/>
  <testcase classname="it.polimi.ingsw.model.MatchMultiTest" name="testMatchMulti" time="0.01"/>
  <testcase classname="it.polimi.ingsw.model.MatchMultiTest" name="testHasWon" time="0.049"/>
  <testcase classname="it.polimi.ingsw.model.MatchMultiTest" name="testDiscardTwoLeaderCardInteraction" time="0.117"/>
  <testcase classname="it.polimi.ingsw.model.MatchMultiTest" name="testStartMatch" time="0.026"/>
</testsuite>